kaabop/build/app/intermediates/manifest_merge_blame_file/debug/manifest-merger-blame-debug-report.txt
1<?xml version="1.0" encoding="utf-8"?>
2<manifest xmlns:android="http://schemas.android.com/apk/res/android"
3    package="com.selendra.secure_wallet"
4    android:versionCode="38"
5    android:versionName="2.0.15" >
6
7    <uses-sdk
8        android:minSdkVersion="20"
9        android:targetSdkVersion="30" />
10    <!--
11         Flutter needs it to communicate with the running application
12         to allow setting breakpoints, to provide hot reload, etc.
13    -->
14    <uses-permission android:name="android.permission.INTERNET" />
14-->src\main\AndroidManifest.xml:4:5-66
14-->src\main\AndroidManifest.xml:4:22-64
15    <uses-permission android:name="android.permission.ACCESS_NETWORK_STATE" />
15-->src\main\AndroidManifest.xml:5:5-79
15-->src\main\AndroidManifest.xml:5:22-76
16    <uses-permission android:name="android.permission.WRITE_SETTINGS" />
16-->src\main\AndroidManifest.xml:6:5-72
16-->src\main\AndroidManifest.xml:6:22-70
17    <uses-permission android:name="android.permission.USE_BIOMETRIC" />
17-->src\main\AndroidManifest.xml:7:5-71
17-->src\main\AndroidManifest.xml:7:22-69
18    <uses-permission android:name="android.permission.READ_CONTACTS" />
18-->src\main\AndroidManifest.xml:8:5-71
18-->src\main\AndroidManifest.xml:8:22-69
19    <uses-permission android:name="android.permission.READ_EXTERNAL_STORAGE" />
19-->src\main\AndroidManifest.xml:9:5-79
19-->src\main\AndroidManifest.xml:9:22-77
20    <uses-permission android:name="android.permission.WRITE_EXTERNAL_STORAGE" />
20-->src\main\AndroidManifest.xml:10:5-80
20-->src\main\AndroidManifest.xml:10:22-78
21    <uses-permission android:name="android.permission.USE_FINGERPRINT" />
21-->[:local_auth] AndroidManifest.xml:9:5-74
21-->[:local_auth] AndroidManifest.xml:9:22-71
22    <uses-permission android:name="android.permission.ACCESS_FINE_LOCATION" />
22-->[:geolocator] AndroidManifest.xml:7:5-79
22-->[:geolocator] AndroidManifest.xml:7:22-76
23    <uses-permission android:name="android.permission.VIBRATE" />
23-->[:vibration] AndroidManifest.xml:7:5-66
23-->[:vibration] AndroidManifest.xml:7:22-63
24    <uses-permission android:name="android.permission.CAMERA" /> <!-- Don't require camera, as this requires a rear camera. This allows it to work on the Nexus 7 -->
24-->[com.journeyapps:zxing-android-embedded:4.1.0] AndroidManifest.xml:22:5-65
24-->[com.journeyapps:zxing-android-embedded:4.1.0] AndroidManifest.xml:22:22-62
25    <uses-feature
25-->[com.journeyapps:zxing-android-embedded:4.1.0] AndroidManifest.xml:25:5-27:36
26        android:name="android.hardware.camera"
26-->[com.journeyapps:zxing-android-embedded:4.1.0] AndroidManifest.xml:26:9-47
27        android:required="false" />
27-->[com.journeyapps:zxing-android-embedded:4.1.0] AndroidManifest.xml:27:9-33
28    <uses-feature
28-->[com.journeyapps:zxing-android-embedded:4.1.0] AndroidManifest.xml:28:5-30:36
29        android:name="android.hardware.camera.front"
29-->[com.journeyapps:zxing-android-embedded:4.1.0] AndroidManifest.xml:29:9-53
30        android:required="false" /> <!-- TODO replace above two with next line after Android 4.2 -->
30-->[com.journeyapps:zxing-android-embedded:4.1.0] AndroidManifest.xml:30:9-33
31    <!-- <uses-feature android:name="android.hardware.camera.any"/> -->
32    <uses-feature
32-->[com.journeyapps:zxing-android-embedded:4.1.0] AndroidManifest.xml:33:5-35:36
33        android:name="android.hardware.camera.autofocus"
33-->[com.journeyapps:zxing-android-embedded:4.1.0] AndroidManifest.xml:34:9-57
34        android:required="false" />
34-->[com.journeyapps:zxing-android-embedded:4.1.0] AndroidManifest.xml:35:9-33
35    <uses-feature
35-->[com.journeyapps:zxing-android-embedded:4.1.0] AndroidManifest.xml:36:5-38:36
36        android:name="android.hardware.camera.flash"
36-->[com.journeyapps:zxing-android-embedded:4.1.0] AndroidManifest.xml:37:9-53
37        android:required="false" />
37-->[com.journeyapps:zxing-android-embedded:4.1.0] AndroidManifest.xml:38:9-33
38    <uses-feature
38-->[com.journeyapps:zxing-android-embedded:4.1.0] AndroidManifest.xml:39:5-41:36
39        android:name="android.hardware.screen.landscape"
39-->[com.journeyapps:zxing-android-embedded:4.1.0] AndroidManifest.xml:40:9-57
40        android:required="false" />
40-->[com.journeyapps:zxing-android-embedded:4.1.0] AndroidManifest.xml:41:9-33
41    <uses-feature
41-->[com.journeyapps:zxing-android-embedded:4.1.0] AndroidManifest.xml:42:5-44:36
42        android:name="android.hardware.wifi"
42-->[com.journeyapps:zxing-android-embedded:4.1.0] AndroidManifest.xml:43:9-45
43        android:required="false" />
43-->[com.journeyapps:zxing-android-embedded:4.1.0] AndroidManifest.xml:44:9-33
44
45    <application
45-->src\main\AndroidManifest.xml:12:4-49:19
46        android:name="androidx.multidex.MultiDexApplication"
47        android:appComponentFactory="androidx.core.app.CoreComponentFactory"
47-->[androidx.core:core:1.5.0] AndroidManifest.xml:24:18-86
48        android:debuggable="true"
49        android:icon="@mipmap/ic_launcher"
49-->src\main\AndroidManifest.xml:14:9-43
50        android:label="Bitriel" >
50-->src\main\AndroidManifest.xml:13:9-32
51        <activity
51-->src\main\AndroidManifest.xml:15:9-43:20
52            android:name="com.selendra.secure_wallet.MainActivity"
52-->src\main\AndroidManifest.xml:16:13-41
53            android:configChanges="orientation|keyboardHidden|keyboard|screenSize|smallestScreenSize|locale|layoutDirection|fontScale|screenLayout|density|uiMode"
53-->src\main\AndroidManifest.xml:19:13-163
54            android:hardwareAccelerated="true"
54-->src\main\AndroidManifest.xml:20:13-47
55            android:launchMode="singleTop"
55-->src\main\AndroidManifest.xml:17:13-43
56            android:theme="@style/LaunchTheme"
56-->src\main\AndroidManifest.xml:18:13-47
57            android:windowSoftInputMode="adjustResize" >
57-->src\main\AndroidManifest.xml:21:13-55
58
59            <!--
60                 Specifies an Android theme to apply to this Activity as soon as
61                 the Android process has started. This theme is visible to the user
62                 while the Flutter UI initializes. After that, this theme continues
63                 to determine the Window background behind the Flutter UI.
64            -->
65            <meta-data
65-->src\main\AndroidManifest.xml:26:13-29:17
66                android:name="io.flutter.embedding.android.NormalTheme"
66-->src\main\AndroidManifest.xml:27:15-70
67                android:resource="@style/NormalTheme" />
67-->src\main\AndroidManifest.xml:28:15-52
68            <!--
69                 Displays an Android View that continues showing the launch screen
70                 Drawable until Flutter paints its first frame, then this splash
71                 screen fades out. A splash screen is useful to avoid any visual
72                 gap between the end of Android's launch screen and the painting of
73                 Flutter's first frame.
74            -->
75            <meta-data
75-->src\main\AndroidManifest.xml:35:13-38:17
76                android:name="io.flutter.embedding.android.SplashScreenDrawable"
76-->src\main\AndroidManifest.xml:36:15-79
77                android:resource="@drawable/launch_background" />
77-->src\main\AndroidManifest.xml:37:15-61
78
79            <intent-filter>
79-->src\main\AndroidManifest.xml:39:13-42:29
80                <action android:name="android.intent.action.MAIN" />
80-->src\main\AndroidManifest.xml:40:17-68
80-->src\main\AndroidManifest.xml:40:25-66
81
82                <category android:name="android.intent.category.LAUNCHER" />
82-->src\main\AndroidManifest.xml:41:17-76
82-->src\main\AndroidManifest.xml:41:27-74
83            </intent-filter>
84        </activity>
85        <!--
86             Don't delete the meta-data below.
87             This is used by the Flutter tool to generate GeneratedPluginRegistrant.java
88        -->
89        <meta-data
89-->src\main\AndroidManifest.xml:46:9-48:33
90            android:name="flutterEmbedding"
90-->src\main\AndroidManifest.xml:47:13-44
91            android:value="2" />
91-->src\main\AndroidManifest.xml:48:13-30
92
93        <provider
93-->[:flutter_webview_plugin] AndroidManifest.xml:9:9-18:20
94            android:name="androidx.core.content.FileProvider"
94-->[:flutter_webview_plugin] AndroidManifest.xml:10:13-62
95            android:authorities="com.selendra.secure_wallet.fileprovider"
95-->[:flutter_webview_plugin] AndroidManifest.xml:11:13-64
96            android:exported="false"
96-->[:flutter_webview_plugin] AndroidManifest.xml:12:13-37
97            android:grantUriPermissions="true" >
97-->[:flutter_webview_plugin] AndroidManifest.xml:13:13-47
98            <meta-data
98-->[:flutter_webview_plugin] AndroidManifest.xml:15:13-17:53
99                android:name="android.support.FILE_PROVIDER_PATHS"
99-->[:flutter_webview_plugin] AndroidManifest.xml:16:17-67
100                android:resource="@xml/filepaths" />
100-->[:flutter_webview_plugin] AndroidManifest.xml:17:17-50
101        </provider>
102
103        <activity
103-->[:url_launcher] AndroidManifest.xml:8:9-11:74
104            android:name="io.flutter.plugins.urllauncher.WebViewActivity"
104-->[:url_launcher] AndroidManifest.xml:9:13-74
105            android:exported="false"
105-->[:url_launcher] AndroidManifest.xml:10:13-37
106            android:theme="@android:style/Theme.NoTitleBar.Fullscreen" />
106-->[:url_launcher] AndroidManifest.xml:11:13-71
107
108        <provider
108-->[:share] AndroidManifest.xml:8:9-16:20
109            android:name="io.flutter.plugins.share.ShareFileProvider"
109-->[:share] AndroidManifest.xml:9:13-70
110            android:authorities="com.selendra.secure_wallet.flutter.share_provider"
110-->[:share] AndroidManifest.xml:10:13-74
111            android:exported="false"
111-->[:share] AndroidManifest.xml:11:13-37
112            android:grantUriPermissions="true" >
112-->[:share] AndroidManifest.xml:12:13-47
113            <meta-data
113-->[:flutter_webview_plugin] AndroidManifest.xml:15:13-17:53
114                android:name="android.support.FILE_PROVIDER_PATHS"
114-->[:flutter_webview_plugin] AndroidManifest.xml:16:17-67
115                android:resource="@xml/flutter_share_file_paths" />
115-->[:flutter_webview_plugin] AndroidManifest.xml:17:17-50
116        </provider>
117
118        <activity
118-->[com.google.android.gms:play-services-base:17.2.1] AndroidManifest.xml:23:9-26:75
119            android:name="com.google.android.gms.common.api.GoogleApiActivity"
119-->[com.google.android.gms:play-services-base:17.2.1] AndroidManifest.xml:24:13-79
120            android:exported="false"
120-->[com.google.android.gms:play-services-base:17.2.1] AndroidManifest.xml:25:13-37
121            android:theme="@android:style/Theme.Translucent.NoTitleBar" />
121-->[com.google.android.gms:play-services-base:17.2.1] AndroidManifest.xml:26:13-72
122
123        <meta-data
123-->[com.google.android.gms:play-services-basement:17.2.1] AndroidManifest.xml:23:9-25:69
124            android:name="com.google.android.gms.version"
124-->[com.google.android.gms:play-services-basement:17.2.1] AndroidManifest.xml:24:13-58
125            android:value="@integer/google_play_services_version" />
125-->[com.google.android.gms:play-services-basement:17.2.1] AndroidManifest.xml:25:13-66
126
127        <activity
127-->[com.journeyapps:zxing-android-embedded:4.1.0] AndroidManifest.xml:47:9-53:63
128            android:name="com.journeyapps.barcodescanner.CaptureActivity"
128-->[com.journeyapps:zxing-android-embedded:4.1.0] AndroidManifest.xml:48:13-74
129            android:clearTaskOnLaunch="true"
129-->[com.journeyapps:zxing-android-embedded:4.1.0] AndroidManifest.xml:49:13-45
130            android:screenOrientation="sensorLandscape"
130-->[com.journeyapps:zxing-android-embedded:4.1.0] AndroidManifest.xml:50:13-56
131            android:stateNotNeeded="true"
131-->[com.journeyapps:zxing-android-embedded:4.1.0] AndroidManifest.xml:51:13-42
132            android:theme="@style/zxing_CaptureTheme"
132-->[com.journeyapps:zxing-android-embedded:4.1.0] AndroidManifest.xml:52:13-54
133            android:windowSoftInputMode="stateAlwaysHidden" />
133-->[com.journeyapps:zxing-android-embedded:4.1.0] AndroidManifest.xml:53:13-60
134    </application>
135
136</manifest>